c:\users\schulzcc\documents\personal\creations\games\bullet3-master\bin\extras\convexdecomposition\convexdecomposition.dir\debug\vc120.pdb
c:\users\schulzcc\documents\personal\creations\games\bullet3-master\bin\extras\convexdecomposition\convexdecomposition.dir\debug\splitplane.obj
c:\users\schulzcc\documents\personal\creations\games\bullet3-master\bin\extras\convexdecomposition\convexdecomposition.dir\debug\planetri.obj
c:\users\schulzcc\documents\personal\creations\games\bullet3-master\bin\extras\convexdecomposition\convexdecomposition.dir\debug\float_math.obj
c:\users\schulzcc\documents\personal\creations\games\bullet3-master\bin\extras\convexdecomposition\convexdecomposition.dir\debug\concavity.obj
c:\users\schulzcc\documents\personal\creations\games\bullet3-master\bin\extras\convexdecomposition\convexdecomposition.dir\debug\convexdecomposition.obj
c:\users\schulzcc\documents\personal\creations\games\bullet3-master\bin\extras\convexdecomposition\convexdecomposition.dir\debug\cd_hull.obj
c:\users\schulzcc\documents\personal\creations\games\bullet3-master\bin\extras\convexdecomposition\convexdecomposition.dir\debug\bestfit.obj
c:\users\schulzcc\documents\personal\creations\games\bullet3-master\bin\extras\convexdecomposition\convexdecomposition.dir\debug\vlookup.obj
c:\users\schulzcc\documents\personal\creations\games\bullet3-master\bin\extras\convexdecomposition\convexdecomposition.dir\debug\raytri.obj
c:\users\schulzcc\documents\personal\creations\games\bullet3-master\bin\extras\convexdecomposition\convexdecomposition.dir\debug\meshvolume.obj
c:\users\schulzcc\documents\personal\creations\games\bullet3-master\bin\extras\convexdecomposition\convexdecomposition.dir\debug\fitsphere.obj
c:\users\schulzcc\documents\personal\creations\games\bullet3-master\bin\extras\convexdecomposition\convexdecomposition.dir\debug\cd_wavefront.obj
c:\users\schulzcc\documents\personal\creations\games\bullet3-master\bin\extras\convexdecomposition\convexdecomposition.dir\debug\convexbuilder.obj
c:\users\schulzcc\documents\personal\creations\games\bullet3-master\bin\extras\convexdecomposition\convexdecomposition.dir\debug\bestfitobb.obj
c:\users\schulzcc\documents\personal\creations\games\bullet3-master\bin\extras\convexdecomposition\cmakefiles\generate.stamp
c:\users\schulzcc\documents\personal\creations\games\bullet3-master\bin\lib\debug\convexdecomposition_debug.lib
c:\users\schulzcc\documents\personal\creations\games\bullet3-master\bin\extras\convexdecomposition\convexdecomposition.dir\debug\convexde.e15d0e09.tlog\cl.command.1.tlog
c:\users\schulzcc\documents\personal\creations\games\bullet3-master\bin\extras\convexdecomposition\convexdecomposition.dir\debug\convexde.e15d0e09.tlog\cl.read.1.tlog
c:\users\schulzcc\documents\personal\creations\games\bullet3-master\bin\extras\convexdecomposition\convexdecomposition.dir\debug\convexde.e15d0e09.tlog\cl.write.1.tlog
c:\users\schulzcc\documents\personal\creations\games\bullet3-master\bin\extras\convexdecomposition\convexdecomposition.dir\debug\convexde.e15d0e09.tlog\custombuild.command.1.tlog
c:\users\schulzcc\documents\personal\creations\games\bullet3-master\bin\extras\convexdecomposition\convexdecomposition.dir\debug\convexde.e15d0e09.tlog\custombuild.read.1.tlog
c:\users\schulzcc\documents\personal\creations\games\bullet3-master\bin\extras\convexdecomposition\convexdecomposition.dir\debug\convexde.e15d0e09.tlog\custombuild.write.1.tlog
c:\users\schulzcc\documents\personal\creations\games\bullet3-master\bin\extras\convexdecomposition\convexdecomposition.dir\debug\convexde.e15d0e09.tlog\lib-link.read.1.tlog
c:\users\schulzcc\documents\personal\creations\games\bullet3-master\bin\extras\convexdecomposition\convexdecomposition.dir\debug\convexde.e15d0e09.tlog\lib-link.write.1.tlog
c:\users\schulzcc\documents\personal\creations\games\bullet3-master\bin\extras\convexdecomposition\convexdecomposition.dir\debug\convexde.e15d0e09.tlog\lib.command.1.tlog
