  Checking Build System
  CMake does not need to re-run because C:/Users/Administrator/Dropbox/Documents/Personal/Creations/Games/bullet3-master/bin/CMakeFiles/generate.stamp is up-to-date.
  CMake does not need to re-run because C:/Users/Administrator/Dropbox/Documents/Personal/Creations/Games/bullet3-master/bin/examples/CMakeFiles/generate.stamp is up-to-date.
  CMake does not need to re-run because C:/Users/Administrator/Dropbox/Documents/Personal/Creations/Games/bullet3-master/bin/Extras/CMakeFiles/generate.stamp is up-to-date.
  CMake does not need to re-run because C:/Users/Administrator/Dropbox/Documents/Personal/Creations/Games/bullet3-master/bin/src/CMakeFiles/generate.stamp is up-to-date.
  CMake does not need to re-run because C:/Users/Administrator/Dropbox/Documents/Personal/Creations/Games/bullet3-master/bin/test/CMakeFiles/generate.stamp is up-to-date.
  CMake does not need to re-run because C:/Users/Administrator/Dropbox/Documents/Personal/Creations/Games/bullet3-master/bin/examples/ExampleBrowser/CMakeFiles/generate.stamp is up-to-date.
  CMake does not need to re-run because C:/Users/Administrator/Dropbox/Documents/Personal/Creations/Games/bullet3-master/bin/examples/HelloWorld/CMakeFiles/generate.stamp is up-to-date.
  CMake does not need to re-run because C:/Users/Administrator/Dropbox/Documents/Personal/Creations/Games/bullet3-master/bin/examples/BasicDemo/CMakeFiles/generate.stamp is up-to-date.
  CMake does not need to re-run because C:/Users/Administrator/Dropbox/Documents/Personal/Creations/Games/bullet3-master/bin/examples/ThirdPartyLibs/Gwen/CMakeFiles/generate.stamp is up-to-date.
  CMake does not need to re-run because C:/Users/Administrator/Dropbox/Documents/Personal/Creations/Games/bullet3-master/bin/examples/OpenGLWindow/CMakeFiles/generate.stamp is up-to-date.
  CMake does not need to re-run because C:/Users/Administrator/Dropbox/Documents/Personal/Creations/Games/bullet3-master/bin/Extras/Serialize/CMakeFiles/generate.stamp is up-to-date.
  CMake does not need to re-run because C:/Users/Administrator/Dropbox/Documents/Personal/Creations/Games/bullet3-master/bin/Extras/ConvexDecomposition/CMakeFiles/generate.stamp is up-to-date.
  CMake does not need to re-run because C:/Users/Administrator/Dropbox/Documents/Personal/Creations/Games/bullet3-master/bin/Extras/HACD/CMakeFiles/generate.stamp is up-to-date.
  CMake does not need to re-run because C:/Users/Administrator/Dropbox/Documents/Personal/Creations/Games/bullet3-master/bin/Extras/GIMPACTUtils/CMakeFiles/generate.stamp is up-to-date.
  CMake does not need to re-run because C:/Users/Administrator/Dropbox/Documents/Personal/Creations/Games/bullet3-master/bin/Extras/Serialize/BulletFileLoader/CMakeFiles/generate.stamp is up-to-date.
  CMake does not need to re-run because C:/Users/Administrator/Dropbox/Documents/Personal/Creations/Games/bullet3-master/bin/Extras/Serialize/BulletXmlWorldImporter/CMakeFiles/generate.stamp is up-to-date.
  CMake does not need to re-run because C:/Users/Administrator/Dropbox/Documents/Personal/Creations/Games/bullet3-master/bin/Extras/Serialize/BulletWorldImporter/CMakeFiles/generate.stamp is up-to-date.
  CMake does not need to re-run because C:/Users/Administrator/Dropbox/Documents/Personal/Creations/Games/bullet3-master/bin/src/Bullet3OpenCL/CMakeFiles/generate.stamp is up-to-date.
  CMake does not need to re-run because C:/Users/Administrator/Dropbox/Documents/Personal/Creations/Games/bullet3-master/bin/src/Bullet3Serialize/Bullet2FileLoader/CMakeFiles/generate.stamp is up-to-date.
  CMake does not need to re-run because C:/Users/Administrator/Dropbox/Documents/Personal/Creations/Games/bullet3-master/bin/src/Bullet3Dynamics/CMakeFiles/generate.stamp is up-to-date.
  CMake does not need to re-run because C:/Users/Administrator/Dropbox/Documents/Personal/Creations/Games/bullet3-master/bin/src/Bullet3Collision/CMakeFiles/generate.stamp is up-to-date.
  CMake does not need to re-run because C:/Users/Administrator/Dropbox/Documents/Personal/Creations/Games/bullet3-master/bin/src/Bullet3Geometry/CMakeFiles/generate.stamp is up-to-date.
  CMake does not need to re-run because C:/Users/Administrator/Dropbox/Documents/Personal/Creations/Games/bullet3-master/bin/src/Bullet3Common/CMakeFiles/generate.stamp is up-to-date.
  CMake does not need to re-run because C:/Users/Administrator/Dropbox/Documents/Personal/Creations/Games/bullet3-master/bin/src/BulletSoftBody/CMakeFiles/generate.stamp is up-to-date.
  CMake does not need to re-run because C:/Users/Administrator/Dropbox/Documents/Personal/Creations/Games/bullet3-master/bin/src/BulletCollision/CMakeFiles/generate.stamp is up-to-date.
  CMake does not need to re-run because C:/Users/Administrator/Dropbox/Documents/Personal/Creations/Games/bullet3-master/bin/src/BulletDynamics/CMakeFiles/generate.stamp is up-to-date.
  CMake does not need to re-run because C:/Users/Administrator/Dropbox/Documents/Personal/Creations/Games/bullet3-master/bin/src/LinearMath/CMakeFiles/generate.stamp is up-to-date.
  CMake does not need to re-run because C:/Users/Administrator/Dropbox/Documents/Personal/Creations/Games/bullet3-master/bin/test/gtest-1.7.0/CMakeFiles/generate.stamp is up-to-date.
