//-------------------------- 8/8/2016 -- 00:33:15 -----
MBExtender Init:
   Initializing memory interface
      SSE detected
   Loading plugins\ExternalConsole.dll
   Loading plugins\FrameRateUnlock.dll
   Loading plugins\QuaternionPlugins.dll

MBExtender: Initializing Plugins, Stage 1:
   Initializing plugins\ExternalConsole.dll
   Initializing plugins\FrameRateUnlock.dll
   Initializing plugins\QuaternionPlugins.dll

Processor Init:
   Intel Pentium III, 2683 Mhz
   FPU detected
   MMX detected
   SSE detected
 
Math Init:
   Installing Standard C extensions
   Installing Assembly extensions
   Installing FPU extensions
   Installing MMX extensions
   Installing SSE extensions
 
Input Init:
   keyboard0 input device created.
   mouse0 input device created.
   DirectInput enabled.

MBExtender: Initializing Plugins, Stage 2:
   Initializing plugins\ExternalConsole.dll
   Initializing plugins\FrameRateUnlock.dll
FrameRateUnlock: Using high-performance timer
FrameRateUnlock: Timer frequency = 2630820
   Initializing plugins\QuaternionPlugins.dll

--------- Loading MODS ---------
Loading compiled script common/main.cs.
Missing file: common/defaults.cs!
Syntax error in input.
Loading compiled script marble/main.cs.
Loading compiled script marble/client/defaults.cs.
Loading compiled script marble/server/defaults.cs.
Compiling marble/client/prefs.cs...
Loading compiled script marble/client/prefs.cs.
Compiling marble/client/save.cs...
Loading compiled script marble/client/save.cs.
Compiling marble/server/prefs.cs...
Loading compiled script marble/server/prefs.cs.
Missing file: marble/referrer.cs!

--------- Parsing Arguments ---------

--------- Initializing MOD: Common ---------
Loading compiled script common/client/canvas.cs.
Loading compiled script common/client/audio.cs.

--------- Initializing MOD: FPS ---------
Loading compiled script marble/client/init.cs.
Loading compiled script marble/server/init.cs.
Loading compiled script marble/data/init.cs.

--------- Initializing FPS: Server ---------
Loading compiled script common/server/audio.cs.
Loading compiled script common/server/server.cs.
Loading compiled script common/server/message.cs.
Loading compiled script common/server/commands.cs.
Loading compiled script common/server/missionInfo.cs.
Loading compiled script common/server/missionLoad.cs.
Loading compiled script common/server/missionDownload.cs.
Loading compiled script common/server/clientConnection.cs.
Loading compiled script common/server/kickban.cs.
Loading compiled script common/server/game.cs.
Loading compiled script marble/server/scripts/commands.cs.
Loading compiled script marble/server/scripts/centerPrint.cs.
Loading compiled script marble/server/scripts/game.cs.

--------- Initializing FPS: Client ---------
Loading compiled script common/client/message.cs.
Loading compiled script common/client/mission.cs.
Loading compiled script common/client/missionDownload.cs.
Loading compiled script common/client/actionMap.cs.
Loading compiled script common/editor/editor.cs.
