c:\users\schulzcc\documents\personal\creations\games\bullet3-master\bin\examples\openglwindow\openglwindow.dir\debug\vc120.pdb
c:\users\schulzcc\documents\personal\creations\games\bullet3-master\bin\examples\openglwindow\openglwindow.dir\debug\glew.obj
c:\users\schulzcc\documents\personal\creations\games\bullet3-master\bin\examples\openglwindow\openglwindow.dir\debug\twfonts.obj
c:\users\schulzcc\documents\personal\creations\games\bullet3-master\bin\examples\openglwindow\openglwindow.dir\debug\simpleopengl3app.obj
c:\users\schulzcc\documents\personal\creations\games\bullet3-master\bin\examples\openglwindow\openglwindow.dir\debug\simpleopengl2renderer.obj
c:\users\schulzcc\documents\personal\creations\games\bullet3-master\bin\examples\openglwindow\openglwindow.dir\debug\simpleopengl2app.obj
c:\users\schulzcc\documents\personal\creations\games\bullet3-master\bin\examples\openglwindow\openglwindow.dir\debug\simplecamera.obj
c:\users\schulzcc\documents\personal\creations\games\bullet3-master\bin\examples\openglwindow\openglwindow.dir\debug\opensans.obj
c:\users\schulzcc\documents\personal\creations\games\bullet3-master\bin\examples\openglwindow\openglwindow.dir\debug\opengl_fontstashcallbacks.obj
c:\users\schulzcc\documents\personal\creations\games\bullet3-master\bin\examples\openglwindow\openglwindow.dir\debug\loadshader.obj
c:\users\schulzcc\documents\personal\creations\games\bullet3-master\bin\examples\openglwindow\openglwindow.dir\debug\glrendertotexture.obj
c:\users\schulzcc\documents\personal\creations\games\bullet3-master\bin\examples\openglwindow\openglwindow.dir\debug\glprimitiverenderer.obj
c:\users\schulzcc\documents\personal\creations\games\bullet3-master\bin\examples\openglwindow\openglwindow.dir\debug\glinstancingrenderer.obj
c:\users\schulzcc\documents\personal\creations\games\bullet3-master\bin\examples\openglwindow\openglwindow.dir\debug\fontstash.obj
c:\users\schulzcc\documents\personal\creations\games\bullet3-master\bin\examples\openglwindow\openglwindow.dir\debug\win32window.obj
c:\users\schulzcc\documents\personal\creations\games\bullet3-master\bin\examples\openglwindow\openglwindow.dir\debug\win32openglwindow.obj
c:\users\schulzcc\documents\personal\creations\games\bullet3-master\bin\examples\openglwindow\cmakefiles\generate.stamp
c:\users\schulzcc\documents\personal\creations\games\bullet3-master\bin\lib\debug\openglwindow_debug.lib
c:\users\schulzcc\documents\personal\creations\games\bullet3-master\bin\examples\openglwindow\openglwindow.dir\debug\openglwindow.tlog\cl.command.1.tlog
c:\users\schulzcc\documents\personal\creations\games\bullet3-master\bin\examples\openglwindow\openglwindow.dir\debug\openglwindow.tlog\cl.read.1.tlog
c:\users\schulzcc\documents\personal\creations\games\bullet3-master\bin\examples\openglwindow\openglwindow.dir\debug\openglwindow.tlog\cl.write.1.tlog
c:\users\schulzcc\documents\personal\creations\games\bullet3-master\bin\examples\openglwindow\openglwindow.dir\debug\openglwindow.tlog\custombuild.command.1.tlog
c:\users\schulzcc\documents\personal\creations\games\bullet3-master\bin\examples\openglwindow\openglwindow.dir\debug\openglwindow.tlog\custombuild.read.1.tlog
c:\users\schulzcc\documents\personal\creations\games\bullet3-master\bin\examples\openglwindow\openglwindow.dir\debug\openglwindow.tlog\custombuild.write.1.tlog
c:\users\schulzcc\documents\personal\creations\games\bullet3-master\bin\examples\openglwindow\openglwindow.dir\debug\openglwindow.tlog\lib-link.read.1.tlog
c:\users\schulzcc\documents\personal\creations\games\bullet3-master\bin\examples\openglwindow\openglwindow.dir\debug\openglwindow.tlog\lib-link.write.1.tlog
c:\users\schulzcc\documents\personal\creations\games\bullet3-master\bin\examples\openglwindow\openglwindow.dir\debug\openglwindow.tlog\lib.command.1.tlog
