c:\users\schulzcc\documents\personal\creations\games\bullet3-master\bin\src\bullet3opencl\bullet3opencl_clew.dir\debug\vc120.pdb
c:\users\schulzcc\documents\personal\creations\games\bullet3-master\bin\src\bullet3opencl\bullet3opencl_clew.dir\debug\clew.obj
c:\users\schulzcc\documents\personal\creations\games\bullet3-master\bin\src\bullet3opencl\bullet3opencl_clew.dir\debug\b3prefixscanfloat4cl.obj
c:\users\schulzcc\documents\personal\creations\games\bullet3-master\bin\src\bullet3opencl\bullet3opencl_clew.dir\debug\b3prefixscancl.obj
c:\users\schulzcc\documents\personal\creations\games\bullet3-master\bin\src\bullet3opencl\bullet3opencl_clew.dir\debug\b3launchercl.obj
c:\users\schulzcc\documents\personal\creations\games\bullet3-master\bin\src\bullet3opencl\bullet3opencl_clew.dir\debug\b3fillcl.obj
c:\users\schulzcc\documents\personal\creations\games\bullet3-master\bin\src\bullet3opencl\bullet3opencl_clew.dir\debug\b3boundsearchcl.obj
c:\users\schulzcc\documents\personal\creations\games\bullet3-master\bin\src\bullet3opencl\bullet3opencl_clew.dir\debug\b3voronoisimplexsolver.obj
c:\users\schulzcc\documents\personal\creations\games\bullet3-master\bin\src\bullet3opencl\bullet3opencl_clew.dir\debug\b3triangleindexvertexarray.obj
c:\users\schulzcc\documents\personal\creations\games\bullet3-master\bin\src\bullet3opencl\bullet3opencl_clew.dir\debug\b3trianglecallback.obj
c:\users\schulzcc\documents\personal\creations\games\bullet3-master\bin\src\bullet3opencl\bullet3opencl_clew.dir\debug\b3stridingmeshinterface.obj
c:\users\schulzcc\documents\personal\creations\games\bullet3-master\bin\src\bullet3opencl\bullet3opencl_clew.dir\debug\b3quantizedbvh.obj
c:\users\schulzcc\documents\personal\creations\games\bullet3-master\bin\src\bullet3opencl\bullet3opencl_clew.dir\debug\b3optimizedbvh.obj
c:\users\schulzcc\documents\personal\creations\games\bullet3-master\bin\src\bullet3opencl\bullet3opencl_clew.dir\debug\b3gjkpairdetector.obj
c:\users\schulzcc\documents\personal\creations\games\bullet3-master\bin\src\bullet3opencl\bullet3opencl_clew.dir\debug\b3gjkepa.obj
c:\users\schulzcc\documents\personal\creations\games\bullet3-master\bin\src\bullet3opencl\bullet3opencl_clew.dir\debug\b3convexhullcontact.obj
c:\users\schulzcc\documents\personal\creations\games\bullet3-master\bin\src\bullet3opencl\bullet3opencl_clew.dir\debug\b3contactcache.obj
c:\users\schulzcc\documents\personal\creations\games\bullet3-master\bin\src\bullet3opencl\bullet3opencl_clew.dir\debug\b3openclutils.obj
c:\users\schulzcc\documents\personal\creations\games\bullet3-master\bin\src\bullet3opencl\bullet3opencl_clew.dir\debug\b3gpuparallellinearbvh.obj
c:\users\schulzcc\documents\personal\creations\games\bullet3-master\bin\src\bullet3opencl\bullet3opencl_clew.dir\debug\b3gpuparallellinearbvhbroadphase.obj
c:\users\schulzcc\documents\personal\creations\games\bullet3-master\bin\src\bullet3opencl\bullet3opencl_clew.dir\debug\b3gpusapbroadphase.obj
c:\users\schulzcc\documents\personal\creations\games\bullet3-master\bin\src\bullet3opencl\bullet3opencl_clew.dir\debug\b3gpugridbroadphase.obj
c:\users\schulzcc\documents\personal\creations\games\bullet3-master\bin\src\bullet3opencl\bullet3opencl_clew.dir\debug\b3solver.obj
c:\users\schulzcc\documents\personal\creations\games\bullet3-master\bin\src\bullet3opencl\bullet3opencl_clew.dir\debug\b3gpurigidbodypipeline.obj
c:\users\schulzcc\documents\personal\creations\games\bullet3-master\bin\src\bullet3opencl\bullet3opencl_clew.dir\debug\b3gpupgscontactsolver.obj
c:\users\schulzcc\documents\personal\creations\games\bullet3-master\bin\src\bullet3opencl\bullet3opencl_clew.dir\debug\b3gpupgsconstraintsolver.obj
c:\users\schulzcc\documents\personal\creations\games\bullet3-master\bin\src\bullet3opencl\bullet3opencl_clew.dir\debug\b3gpunarrowphase.obj
c:\users\schulzcc\documents\personal\creations\games\bullet3-master\bin\src\bullet3opencl\bullet3opencl_clew.dir\debug\b3gpujacobicontactsolver.obj
c:\users\schulzcc\documents\personal\creations\games\bullet3-master\bin\src\bullet3opencl\bullet3opencl_clew.dir\debug\b3gpugenericconstraint.obj
c:\users\schulzcc\documents\personal\creations\games\bullet3-master\bin\src\bullet3opencl\bullet3opencl_clew.dir\debug\b3gpuraycast.obj
c:\users\schulzcc\documents\personal\creations\games\bullet3-master\bin\src\bullet3opencl\bullet3opencl_clew.dir\debug\b3radixsort32cl.obj
c:\users\schulzcc\documents\personal\creations\games\bullet3-master\bin\src\bullet3opencl\cmakefiles\generate.stamp
c:\users\schulzcc\documents\personal\creations\games\bullet3-master\bin\lib\debug\bullet3opencl_clew_debug.lib
c:\users\schulzcc\documents\personal\creations\games\bullet3-master\bin\src\bullet3opencl\bullet3opencl_clew.dir\debug\bullet3o.0ed04a58.tlog\cl.command.1.tlog
c:\users\schulzcc\documents\personal\creations\games\bullet3-master\bin\src\bullet3opencl\bullet3opencl_clew.dir\debug\bullet3o.0ed04a58.tlog\cl.read.1.tlog
c:\users\schulzcc\documents\personal\creations\games\bullet3-master\bin\src\bullet3opencl\bullet3opencl_clew.dir\debug\bullet3o.0ed04a58.tlog\cl.write.1.tlog
c:\users\schulzcc\documents\personal\creations\games\bullet3-master\bin\src\bullet3opencl\bullet3opencl_clew.dir\debug\bullet3o.0ed04a58.tlog\custombuild.command.1.tlog
c:\users\schulzcc\documents\personal\creations\games\bullet3-master\bin\src\bullet3opencl\bullet3opencl_clew.dir\debug\bullet3o.0ed04a58.tlog\custombuild.read.1.tlog
c:\users\schulzcc\documents\personal\creations\games\bullet3-master\bin\src\bullet3opencl\bullet3opencl_clew.dir\debug\bullet3o.0ed04a58.tlog\custombuild.write.1.tlog
c:\users\schulzcc\documents\personal\creations\games\bullet3-master\bin\src\bullet3opencl\bullet3opencl_clew.dir\debug\bullet3o.0ed04a58.tlog\lib-link.read.1.tlog
c:\users\schulzcc\documents\personal\creations\games\bullet3-master\bin\src\bullet3opencl\bullet3opencl_clew.dir\debug\bullet3o.0ed04a58.tlog\lib-link.write.1.tlog
c:\users\schulzcc\documents\personal\creations\games\bullet3-master\bin\src\bullet3opencl\bullet3opencl_clew.dir\debug\bullet3o.0ed04a58.tlog\lib.command.1.tlog
