C:\Program Files (x86)\MSBuild\Microsoft.Cpp\v4.0\V140\Microsoft.CppBuild.targets(392,5): warning MSB8028: The intermediate directory (Bullet3OpenCL_clew.dir\Debug\) contains files shared from another project (Bullet3OpenCL_clew.vcxproj).  This can lead to incorrect clean and rebuild behavior.
  Building Custom Rule C:/Users/Administrator/Dropbox/Documents/Personal/Creations/Games/bullet3-master/src/Bullet3OpenCL/CMakeLists.txt
  CMake does not need to re-run because C:\Users\Administrator\Dropbox\Documents\Personal\Creations\Games\bullet3-master\bin\src\Bullet3OpenCL\CMakeFiles\generate.stamp is up-to-date.
  clew.c
  b3GpuGridBroadphase.cpp
C:\Users\Administrator\Dropbox\Documents\Personal\Creations\Games\bullet3-master\src\Bullet3OpenCL\BroadphaseCollision\b3GpuGridBroadphase.cpp(282): warning C4018: '<': signed/unsigned mismatch
  b3GpuSapBroadphase.cpp
  b3GpuParallelLinearBvhBroadphase.cpp
  b3GpuParallelLinearBvh.cpp
  b3OpenCLUtils.cpp
  b3ContactCache.cpp
  b3ConvexHullContact.cpp
C:\Users\Administrator\Dropbox\Documents\Personal\Creations\Games\bullet3-master\src\Bullet3Collision/NarrowPhaseCollision/shared/b3MprPenetration.h(114): warning C4244: '=': conversion from 'double' to 'float', possible loss of data
C:\Users\Administrator\Dropbox\Documents\Personal\Creations\Games\bullet3-master\src\Bullet3Collision/NarrowPhaseCollision/shared/b3MprPenetration.h(118): warning C4244: '=': conversion from 'double' to 'float', possible loss of data
C:\Users\Administrator\Dropbox\Documents\Personal\Creations\Games\bullet3-master\src\Bullet3Collision/NarrowPhaseCollision/shared/b3MprPenetration.h(119): warning C4244: '=': conversion from 'double' to 'float', possible loss of data
C:\Users\Administrator\Dropbox\Documents\Personal\Creations\Games\bullet3-master\src\Bullet3Collision/NarrowPhaseCollision/shared/b3NewContactReduction.h(155): warning C4244: '=': conversion from 'float' to 'unsigned short', possible loss of data
C:\Users\Administrator\Dropbox\Documents\Personal\Creations\Games\bullet3-master\src\Bullet3Collision/NarrowPhaseCollision/shared/b3NewContactReduction.h(182): warning C4244: '=': conversion from 'int' to 'float', possible loss of data
C:\Users\Administrator\Dropbox\Documents\Personal\Creations\Games\bullet3-master\src\Bullet3OpenCL\NarrowphaseCollision\b3ConvexHullContact.cpp(695): warning C4101: 'edgeAstart': unreferenced local variable
C:\Users\Administrator\Dropbox\Documents\Personal\Creations\Games\bullet3-master\src\Bullet3OpenCL\NarrowphaseCollision\b3ConvexHullContact.cpp(695): warning C4101: 'edgeAend': unreferenced local variable
C:\Users\Administrator\Dropbox\Documents\Personal\Creations\Games\bullet3-master\src\Bullet3OpenCL\NarrowphaseCollision\b3ConvexHullContact.cpp(695): warning C4101: 'edgeBstart': unreferenced local variable
C:\Users\Administrator\Dropbox\Documents\Personal\Creations\Games\bullet3-master\src\Bullet3OpenCL\NarrowphaseCollision\b3ConvexHullContact.cpp(695): warning C4101: 'edgeBend': unreferenced local variable
C:\Users\Administrator\Dropbox\Documents\Personal\Creations\Games\bullet3-master\src\Bullet3OpenCL\NarrowphaseCollision\b3ConvexHullContact.cpp(1295): warning C4101: 'centerOut': unreferenced local variable
C:\Users\Administrator\Dropbox\Documents\Personal\Creations\Games\bullet3-master\src\Bullet3OpenCL\NarrowphaseCollision\b3ConvexHullContact.cpp(2106): warning C4244: '=': conversion from 'float' to 'unsigned short', possible loss of data
C:\Users\Administrator\Dropbox\Documents\Personal\Creations\Games\bullet3-master\src\Bullet3OpenCL\NarrowphaseCollision\b3ConvexHullContact.cpp(2781): warning C4101: 'contactsOut': unreferenced local variable
  b3GjkEpa.cpp
  b3GjkPairDetector.cpp
  b3OptimizedBvh.cpp
  b3QuantizedBvh.cpp
C:\Users\Administrator\Dropbox\Documents\Personal\Creations\Games\bullet3-master\src\Bullet3OpenCL\NarrowphaseCollision\b3QuantizedBvh.cpp(622): warning C4101: 'normal': unreferenced local variable
  b3StridingMeshInterface.cpp
  b3TriangleCallback.cpp
  b3TriangleIndexVertexArray.cpp
  b3VoronoiSimplexSolver.cpp
  b3BoundSearchCL.cpp
C:\Users\Administrator\Dropbox\Documents\Personal\Creations\Games\bullet3-master\src\Bullet3OpenCL\ParallelPrimitives\b3BoundSearchCL.cpp(112): warning C4018: '<=': signed/unsigned mismatch
C:\Users\Administrator\Dropbox\Documents\Personal\Creations\Games\bullet3-master\src\Bullet3OpenCL\ParallelPrimitives\b3BoundSearchCL.cpp(113): warning C4018: '<=': signed/unsigned mismatch
  b3FillCL.cpp
  b3LauncherCL.cpp
  b3PrefixScanCL.cpp
  b3PrefixScanFloat4CL.cpp
  Generating Code...
  Compiling...
  b3RadixSort32CL.cpp
  b3GpuRaycast.cpp
C:\Users\Administrator\Dropbox\Documents\Personal\Creations\Games\bullet3-master\src\Bullet3OpenCL\Raycast\b3GpuRaycast.cpp(119): warning C4244: 'initializing': conversion from 'double' to 'float', possible loss of data
C:\Users\Administrator\Dropbox\Documents\Personal\Creations\Games\bullet3-master\src\Bullet3OpenCL\Raycast\b3GpuRaycast.cpp(314): warning C4018: '>': signed/unsigned mismatch
  b3GpuGenericConstraint.cpp
  b3GpuJacobiContactSolver.cpp
C:\Users\Administrator\Dropbox\Documents\Personal\Creations\Games\bullet3-master\src\Bullet3OpenCL\RigidBody\b3GpuJacobiContactSolver.cpp(565): warning C4018: '<': signed/unsigned mismatch
  b3GpuNarrowPhase.cpp
  b3GpuPgsConstraintSolver.cpp
  b3GpuPgsContactSolver.cpp
  b3GpuRigidBodyPipeline.cpp
C:\Users\Administrator\Dropbox\Documents\Personal\Creations\Games\bullet3-master\src\Bullet3OpenCL\RigidBody\b3GpuRigidBodyPipeline.cpp(68): warning C4316: 'b3GpuRigidBodyPipelineInternalData': object allocated on the heap may not be aligned 16
  b3Solver.cpp
C:\Users\Administrator\Dropbox\Documents\Personal\Creations\Games\bullet3-master\src\Bullet3Dynamics/shared/b3ConvertConstraint4.h(14): warning C4244: 'initializing': conversion from 'double' to 'float', possible loss of data
C:\Users\Administrator\Dropbox\Documents\Personal\Creations\Games\bullet3-master\src\Bullet3Dynamics/shared/b3ConvertConstraint4.h(26): warning C4244: 'initializing': conversion from 'double' to 'float', possible loss of data
  Generating Code...
  Bullet3OpenCL_clew.vcxproj -> C:\Users\Administrator\Dropbox\Documents\Personal\Creations\Games\bullet3-master\bin\lib\Debug\Bullet3OpenCL_clew_Debug.lib
