c:\users\schulzcc\documents\personal\creations\games\quaternion_plugins\quaternionplugins\quaternionplugins\debug\quaternionplugins.pch
c:\users\schulzcc\documents\personal\creations\games\quaternion_plugins\quaternionplugins\quaternionplugins\debug\vc120.pdb
c:\users\schulzcc\documents\personal\creations\games\quaternion_plugins\quaternionplugins\quaternionplugins\debug\vc120.idb
c:\users\schulzcc\documents\personal\creations\games\quaternion_plugins\quaternionplugins\quaternionplugins\debug\stdafx.obj
c:\users\schulzcc\documents\personal\creations\games\quaternion_plugins\quaternionplugins\quaternionplugins\debug\audio.obj
c:\users\schulzcc\documents\personal\creations\games\quaternion_plugins\quaternionplugins\quaternionplugins\debug\math64.obj
c:\users\schulzcc\documents\personal\creations\games\quaternion_plugins\quaternionplugins\quaternionplugins\debug\mathextension.obj
c:\users\schulzcc\documents\personal\creations\games\quaternion_plugins\quaternionplugins\quaternionplugins\debug\parser.obj
c:\users\schulzcc\documents\personal\creations\games\quaternion_plugins\quaternionplugins\quaternionplugins\debug\physics.obj
c:\users\schulzcc\documents\personal\creations\games\quaternion_plugins\quaternionplugins\quaternionplugins\debug\quaternionplugins.obj
c:\users\schulzcc\documents\personal\creations\games\quaternion_plugins\quaternionplugins\quaternionplugins\debug\sync.obj
c:\users\schulzcc\documents\personal\creations\games\quaternion_plugins\quaternionplugins\quaternionplugins\debug\dllmain.obj
c:\users\schulzcc\documents\personal\creations\games\quaternion_plugins\quaternionplugins\quaternionplugins\debug\lex.yy.obj
c:\users\schulzcc\documents\personal\creations\games\quaternion_plugins\quaternionplugins\quaternionplugins\debug\tsx.tab.obj
c:\users\schulzcc\documents\personal\creations\games\quaternion_plugins\quaternionplugins\debug\quaternionplugins.ilk
c:\users\schulzcc\documents\personal\creations\games\quaternion_plugins\quaternionplugins\debug\quaternionplugins.dll
c:\users\schulzcc\documents\personal\creations\games\quaternion_plugins\quaternionplugins\debug\quaternionplugins.pdb
c:\users\schulzcc\documents\personal\creations\games\quaternion_plugins\quaternionplugins\debug\quaternionplugins.lib
c:\users\schulzcc\documents\personal\creations\games\quaternion_plugins\quaternionplugins\debug\quaternionplugins.exp
c:\users\schulzcc\documents\personal\creations\games\quaternion_plugins\quaternionplugins\quaternionplugins\debug\quaterni.3f98ae18.tlog\cl.command.1.tlog
c:\users\schulzcc\documents\personal\creations\games\quaternion_plugins\quaternionplugins\quaternionplugins\debug\quaterni.3f98ae18.tlog\cl.read.1.tlog
c:\users\schulzcc\documents\personal\creations\games\quaternion_plugins\quaternionplugins\quaternionplugins\debug\quaterni.3f98ae18.tlog\cl.write.1.tlog
c:\users\schulzcc\documents\personal\creations\games\quaternion_plugins\quaternionplugins\quaternionplugins\debug\quaterni.3f98ae18.tlog\link.command.1.tlog
c:\users\schulzcc\documents\personal\creations\games\quaternion_plugins\quaternionplugins\quaternionplugins\debug\quaterni.3f98ae18.tlog\link.read.1.tlog
c:\users\schulzcc\documents\personal\creations\games\quaternion_plugins\quaternionplugins\quaternionplugins\debug\quaterni.3f98ae18.tlog\link.write.1.tlog
c:\users\schulzcc\documents\personal\creations\games\quaternion_plugins\quaternionplugins\quaternionplugins\debug\quaterni.3f98ae18.tlog\quaternionplugins.write.1u.tlog
