c:\users\schulzcc\documents\personal\creations\games\bullet3-master\bin\examples\examplebrowser\app_examplebrowser.dir\debug\vc120.pdb
c:\users\schulzcc\documents\personal\creations\games\bullet3-master\bin\examples\examplebrowser\app_examplebrowser.dir\debug\raytestdemo.obj
c:\users\schulzcc\documents\personal\creations\games\bullet3-master\bin\examples\examplebrowser\app_examplebrowser.dir\debug\benchmarkdemo.obj
c:\users\schulzcc\documents\personal\creations\games\bullet3-master\bin\examples\examplebrowser\app_examplebrowser.dir\debug\renderinstancingdemo.obj
c:\users\schulzcc\documents\personal\creations\games\bullet3-master\bin\examples\examplebrowser\app_examplebrowser.dir\debug\raytracersetup.obj
c:\users\schulzcc\documents\personal\creations\games\bullet3-master\bin\examples\examplebrowser\app_examplebrowser.dir\debug\coordinatesystemdemo.obj
c:\users\schulzcc\documents\personal\creations\games\bullet3-master\bin\examples\examplebrowser\app_examplebrowser.dir\debug\motordemo.obj
c:\users\schulzcc\documents\personal\creations\games\bullet3-master\bin\examples\examplebrowser\app_examplebrowser.dir\debug\btfracturedynamicsworld.obj
c:\users\schulzcc\documents\personal\creations\games\bullet3-master\bin\examples\examplebrowser\app_examplebrowser.dir\debug\btfracturebody.obj
c:\users\schulzcc\documents\personal\creations\games\bullet3-master\bin\examples\examplebrowser\app_examplebrowser.dir\debug\fracturedemo.obj
c:\users\schulzcc\documents\personal\creations\games\bullet3-master\bin\examples\examplebrowser\app_examplebrowser.dir\debug\rollingfrictiondemo.obj
c:\users\schulzcc\documents\personal\creations\games\bullet3-master\bin\examples\examplebrowser\app_examplebrowser.dir\debug\planar2d.obj
c:\users\schulzcc\documents\personal\creations\games\bullet3-master\bin\examples\examplebrowser\app_examplebrowser.dir\debug\gyroscopicsetup.obj
c:\users\schulzcc\documents\personal\creations\games\bullet3-master\bin\examples\examplebrowser\app_examplebrowser.dir\debug\forkliftdemo.obj
c:\users\schulzcc\documents\personal\creations\games\bullet3-master\bin\examples\examplebrowser\app_examplebrowser.dir\debug\basicexample.obj
c:\users\schulzcc\documents\personal\creations\games\bullet3-master\bin\examples\examplebrowser\app_examplebrowser.dir\debug\win32sharedmemory.obj
c:\users\schulzcc\documents\personal\creations\games\bullet3-master\bin\examples\examplebrowser\app_examplebrowser.dir\debug\posixsharedmemory.obj
c:\users\schulzcc\documents\personal\creations\games\bullet3-master\bin\examples\examplebrowser\app_examplebrowser.dir\debug\physicsclient.obj
c:\users\schulzcc\documents\personal\creations\games\bullet3-master\bin\examples\examplebrowser\app_examplebrowser.dir\debug\physicsserver.obj
c:\users\schulzcc\documents\personal\creations\games\bullet3-master\bin\examples\examplebrowser\app_examplebrowser.dir\debug\exampleentries.obj
c:\users\schulzcc\documents\personal\creations\games\bullet3-master\bin\examples\examplebrowser\app_examplebrowser.dir\debug\main.obj
c:\users\schulzcc\documents\personal\creations\games\bullet3-master\bin\examples\examplebrowser\app_examplebrowser.dir\debug\myurdfimporter.obj
c:\users\schulzcc\documents\personal\creations\games\bullet3-master\bin\examples\examplebrowser\app_examplebrowser.dir\debug\mymultibodycreator.obj
c:\users\schulzcc\documents\personal\creations\games\bullet3-master\bin\examples\examplebrowser\app_examplebrowser.dir\debug\urdf2bullet.obj
c:\users\schulzcc\documents\personal\creations\games\bullet3-master\bin\examples\examplebrowser\app_examplebrowser.dir\debug\importurdfsetup.obj
c:\users\schulzcc\documents\personal\creations\games\bullet3-master\bin\examples\examplebrowser\app_examplebrowser.dir\debug\importstlsetup.obj
c:\users\schulzcc\documents\personal\creations\games\bullet3-master\bin\examples\examplebrowser\app_examplebrowser.dir\debug\wavefront2glinstancegraphicsshape.obj
c:\users\schulzcc\documents\personal\creations\games\bullet3-master\bin\examples\examplebrowser\app_examplebrowser.dir\debug\loadmeshfromobj.obj
c:\users\schulzcc\documents\personal\creations\games\bullet3-master\bin\examples\examplebrowser\app_examplebrowser.dir\debug\importobjexample.obj
c:\users\schulzcc\documents\personal\creations\games\bullet3-master\bin\examples\examplebrowser\app_examplebrowser.dir\debug\loadmeshfromcollada.obj
c:\users\schulzcc\documents\personal\creations\games\bullet3-master\bin\examples\examplebrowser\app_examplebrowser.dir\debug\importcolladasetup.obj
c:\users\schulzcc\documents\personal\creations\games\bullet3-master\bin\examples\examplebrowser\app_examplebrowser.dir\debug\importbspexample.obj
c:\users\schulzcc\documents\personal\creations\games\bullet3-master\bin\examples\examplebrowser\app_examplebrowser.dir\debug\bsploader.obj
c:\users\schulzcc\documents\personal\creations\games\bullet3-master\bin\examples\examplebrowser\app_examplebrowser.dir\debug\bspconverter.obj
c:\users\schulzcc\documents\personal\creations\games\bullet3-master\bin\examples\examplebrowser\app_examplebrowser.dir\debug\btbulletfile.obj
c:\users\schulzcc\documents\personal\creations\games\bullet3-master\bin\examples\examplebrowser\app_examplebrowser.dir\debug\bdna.obj
c:\users\schulzcc\documents\personal\creations\games\bullet3-master\bin\examples\examplebrowser\app_examplebrowser.dir\debug\bfile.obj
c:\users\schulzcc\documents\personal\creations\games\bullet3-master\bin\examples\examplebrowser\app_examplebrowser.dir\debug\bchunk.obj
c:\users\schulzcc\documents\personal\creations\games\bullet3-master\bin\examples\examplebrowser\app_examplebrowser.dir\debug\btbulletworldimporter.obj
c:\users\schulzcc\documents\personal\creations\games\bullet3-master\bin\examples\examplebrowser\app_examplebrowser.dir\debug\btworldimporter.obj
c:\users\schulzcc\documents\personal\creations\games\bullet3-master\bin\examples\examplebrowser\app_examplebrowser.dir\debug\serializesetup.obj
c:\users\schulzcc\documents\personal\creations\games\bullet3-master\bin\examples\examplebrowser\app_examplebrowser.dir\debug\b3clock.obj
c:\users\schulzcc\documents\personal\creations\games\bullet3-master\bin\examples\examplebrowser\app_examplebrowser.dir\debug\string_split.obj
c:\users\schulzcc\documents\personal\creations\games\bullet3-master\bin\examples\examplebrowser\app_examplebrowser.dir\debug\printf_console.obj
c:\users\schulzcc\documents\personal\creations\games\bullet3-master\bin\examples\examplebrowser\app_examplebrowser.dir\debug\joint.obj
c:\users\schulzcc\documents\personal\creations\games\bullet3-master\bin\examples\examplebrowser\app_examplebrowser.dir\debug\link.obj
c:\users\schulzcc\documents\personal\creations\games\bullet3-master\bin\examples\examplebrowser\app_examplebrowser.dir\debug\model.obj
c:\users\schulzcc\documents\personal\creations\games\bullet3-master\bin\examples\examplebrowser\app_examplebrowser.dir\debug\pose.obj
c:\users\schulzcc\documents\personal\creations\games\bullet3-master\bin\examples\examplebrowser\app_examplebrowser.dir\debug\tinyxmlparser.obj
c:\users\schulzcc\documents\personal\creations\games\bullet3-master\bin\examples\examplebrowser\app_examplebrowser.dir\debug\tinyxmlerror.obj
c:\users\schulzcc\documents\personal\creations\games\bullet3-master\bin\examples\examplebrowser\app_examplebrowser.dir\debug\tinyxml.obj
c:\users\schulzcc\documents\personal\creations\games\bullet3-master\bin\examples\examplebrowser\app_examplebrowser.dir\debug\tinystr.obj
c:\users\schulzcc\documents\personal\creations\games\bullet3-master\bin\examples\examplebrowser\app_examplebrowser.dir\debug\tiny_obj_loader.obj
c:\users\schulzcc\documents\personal\creations\games\bullet3-master\bin\examples\examplebrowser\app_examplebrowser.dir\debug\constraintphysicssetup.obj
c:\users\schulzcc\documents\personal\creations\games\bullet3-master\bin\examples\examplebrowser\app_examplebrowser.dir\debug\dof6spring2setup.obj
c:\users\schulzcc\documents\personal\creations\games\bullet3-master\bin\examples\examplebrowser\app_examplebrowser.dir\debug\constraintdemo.obj
c:\users\schulzcc\documents\personal\creations\games\bullet3-master\bin\examples\examplebrowser\app_examplebrowser.dir\debug\multidofdemo.obj
c:\users\schulzcc\documents\personal\creations\games\bullet3-master\bin\examples\examplebrowser\app_examplebrowser.dir\debug\testjointtorquesetup.obj
c:\users\schulzcc\documents\personal\creations\games\bullet3-master\bin\examples\examplebrowser\app_examplebrowser.dir\debug\hinge2vehicle.obj
c:\users\schulzcc\documents\personal\creations\games\bullet3-master\bin\examples\examplebrowser\app_examplebrowser.dir\debug\btconvexconvexmpralgorithm.obj
c:\users\schulzcc\documents\personal\creations\games\bullet3-master\bin\examples\examplebrowser\app_examplebrowser.dir\debug\voronoifracturedemo.obj
c:\users\schulzcc\documents\personal\creations\games\bullet3-master\bin\examples\examplebrowser\app_examplebrowser.dir\debug\gwenuserinterface.obj
c:\users\schulzcc\documents\personal\creations\games\bullet3-master\bin\examples\examplebrowser\app_examplebrowser.dir\debug\gwentexturewindow.obj
c:\users\schulzcc\documents\personal\creations\games\bullet3-master\bin\examples\examplebrowser\app_examplebrowser.dir\debug\gwenprofilewindow.obj
c:\users\schulzcc\documents\personal\creations\games\bullet3-master\bin\examples\examplebrowser\app_examplebrowser.dir\debug\gwenparameterinterface.obj
c:\users\schulzcc\documents\personal\creations\games\bullet3-master\bin\examples\examplebrowser\app_examplebrowser.dir\debug\graphingtexture.obj
c:\users\schulzcc\documents\personal\creations\games\bullet3-master\bin\examples\examplebrowser\app_examplebrowser.dir\debug\openglguihelper.obj
c:\users\schulzcc\documents\personal\creations\games\bullet3-master\bin\examples\examplebrowser\app_examplebrowser.dir\debug\openglexamplebrowser.obj
c:\users\schulzcc\documents\personal\creations\games\bullet3-master\bin\examples\examplebrowser\app_examplebrowser.dir\debug\gl_shapedrawer.obj
c:\users\schulzcc\documents\personal\creations\games\bullet3-master\bin\examples\examplebrowser\cmakefiles\generate.stamp
c:\users\schulzcc\documents\personal\creations\games\bullet3-master\bin\examples\examplebrowser\debug\app_examplebrowser.ilk
c:\users\schulzcc\documents\personal\creations\games\bullet3-master\bin\examples\examplebrowser\debug\app_examplebrowser.exe
c:\users\schulzcc\documents\personal\creations\games\bullet3-master\bin\examples\examplebrowser\debug\app_examplebrowser.pdb
c:\users\schulzcc\documents\personal\creations\games\bullet3-master\bin\examples\examplebrowser\app_examplebrowser.dir\debug\bullet.res
c:\users\schulzcc\documents\personal\creations\games\bullet3-master\bin\examples\examplebrowser\app_examplebrowser.dir\debug\app_exam.aa78f439.tlog\cl.command.1.tlog
c:\users\schulzcc\documents\personal\creations\games\bullet3-master\bin\examples\examplebrowser\app_examplebrowser.dir\debug\app_exam.aa78f439.tlog\cl.read.1.tlog
c:\users\schulzcc\documents\personal\creations\games\bullet3-master\bin\examples\examplebrowser\app_examplebrowser.dir\debug\app_exam.aa78f439.tlog\cl.write.1.tlog
c:\users\schulzcc\documents\personal\creations\games\bullet3-master\bin\examples\examplebrowser\app_examplebrowser.dir\debug\app_exam.aa78f439.tlog\custombuild.command.1.tlog
c:\users\schulzcc\documents\personal\creations\games\bullet3-master\bin\examples\examplebrowser\app_examplebrowser.dir\debug\app_exam.aa78f439.tlog\custombuild.read.1.tlog
c:\users\schulzcc\documents\personal\creations\games\bullet3-master\bin\examples\examplebrowser\app_examplebrowser.dir\debug\app_exam.aa78f439.tlog\custombuild.write.1.tlog
c:\users\schulzcc\documents\personal\creations\games\bullet3-master\bin\examples\examplebrowser\app_examplebrowser.dir\debug\app_exam.aa78f439.tlog\link.command.1.tlog
c:\users\schulzcc\documents\personal\creations\games\bullet3-master\bin\examples\examplebrowser\app_examplebrowser.dir\debug\app_exam.aa78f439.tlog\link.read.1.tlog
c:\users\schulzcc\documents\personal\creations\games\bullet3-master\bin\examples\examplebrowser\app_examplebrowser.dir\debug\app_exam.aa78f439.tlog\link.write.1.tlog
c:\users\schulzcc\documents\personal\creations\games\bullet3-master\bin\examples\examplebrowser\app_examplebrowser.dir\debug\app_exam.aa78f439.tlog\rc.command.1.tlog
c:\users\schulzcc\documents\personal\creations\games\bullet3-master\bin\examples\examplebrowser\app_examplebrowser.dir\debug\app_exam.aa78f439.tlog\rc.read.1.tlog
c:\users\schulzcc\documents\personal\creations\games\bullet3-master\bin\examples\examplebrowser\app_examplebrowser.dir\debug\app_exam.aa78f439.tlog\rc.write.1.tlog
