c:\users\schulzcc\documents\personal\creations\games\bullet3-master\bin\src\bulletsoftbody\bulletsoftbody.dir\debug\vc120.pdb
c:\users\schulzcc\documents\personal\creations\games\bullet3-master\bin\src\bulletsoftbody\bulletsoftbody.dir\debug\btdefaultsoftbodysolver.obj
c:\users\schulzcc\documents\personal\creations\games\bullet3-master\bin\src\bulletsoftbody\bulletsoftbody.dir\debug\btsoftsoftcollisionalgorithm.obj
c:\users\schulzcc\documents\personal\creations\games\bullet3-master\bin\src\bulletsoftbody\bulletsoftbody.dir\debug\btsoftrigiddynamicsworld.obj
c:\users\schulzcc\documents\personal\creations\games\bullet3-master\bin\src\bulletsoftbody\bulletsoftbody.dir\debug\btsoftrigidcollisionalgorithm.obj
c:\users\schulzcc\documents\personal\creations\games\bullet3-master\bin\src\bulletsoftbody\bulletsoftbody.dir\debug\btsoftbodyrigidbodycollisionconfiguration.obj
c:\users\schulzcc\documents\personal\creations\games\bullet3-master\bin\src\bulletsoftbody\bulletsoftbody.dir\debug\btsoftbodyhelpers.obj
c:\users\schulzcc\documents\personal\creations\games\bullet3-master\bin\src\bulletsoftbody\bulletsoftbody.dir\debug\btsoftbodyconcavecollisionalgorithm.obj
c:\users\schulzcc\documents\personal\creations\games\bullet3-master\bin\src\bulletsoftbody\bulletsoftbody.dir\debug\btsoftbody.obj
c:\users\schulzcc\documents\personal\creations\games\bullet3-master\bin\src\bulletsoftbody\cmakefiles\generate.stamp
c:\users\schulzcc\documents\personal\creations\games\bullet3-master\bin\lib\debug\bulletsoftbody_debug.lib
c:\users\schulzcc\documents\personal\creations\games\bullet3-master\bin\src\bulletsoftbody\bulletsoftbody.dir\debug\bulletsoftbody.tlog\cl.command.1.tlog
c:\users\schulzcc\documents\personal\creations\games\bullet3-master\bin\src\bulletsoftbody\bulletsoftbody.dir\debug\bulletsoftbody.tlog\cl.read.1.tlog
c:\users\schulzcc\documents\personal\creations\games\bullet3-master\bin\src\bulletsoftbody\bulletsoftbody.dir\debug\bulletsoftbody.tlog\cl.write.1.tlog
c:\users\schulzcc\documents\personal\creations\games\bullet3-master\bin\src\bulletsoftbody\bulletsoftbody.dir\debug\bulletsoftbody.tlog\custombuild.command.1.tlog
c:\users\schulzcc\documents\personal\creations\games\bullet3-master\bin\src\bulletsoftbody\bulletsoftbody.dir\debug\bulletsoftbody.tlog\custombuild.read.1.tlog
c:\users\schulzcc\documents\personal\creations\games\bullet3-master\bin\src\bulletsoftbody\bulletsoftbody.dir\debug\bulletsoftbody.tlog\custombuild.write.1.tlog
c:\users\schulzcc\documents\personal\creations\games\bullet3-master\bin\src\bulletsoftbody\bulletsoftbody.dir\debug\bulletsoftbody.tlog\lib-link.read.1.tlog
c:\users\schulzcc\documents\personal\creations\games\bullet3-master\bin\src\bulletsoftbody\bulletsoftbody.dir\debug\bulletsoftbody.tlog\lib-link.write.1.tlog
c:\users\schulzcc\documents\personal\creations\games\bullet3-master\bin\src\bulletsoftbody\bulletsoftbody.dir\debug\bulletsoftbody.tlog\lib.command.1.tlog
