c:\users\schulzcc\documents\personal\creations\games\bullet3-master\bin\examples\thirdpartylibs\gwen\gwen.dir\debug\vc120.pdb
c:\users\schulzcc\documents\personal\creations\games\bullet3-master\bin\examples\thirdpartylibs\gwen\gwen.dir\debug\dockedtabcontrol.obj
c:\users\schulzcc\documents\personal\creations\games\bullet3-master\bin\examples\thirdpartylibs\gwen\gwen.dir\debug\dockbase.obj
c:\users\schulzcc\documents\personal\creations\games\bullet3-master\bin\examples\thirdpartylibs\gwen\gwen.dir\debug\crosssplitter.obj
c:\users\schulzcc\documents\personal\creations\games\bullet3-master\bin\examples\thirdpartylibs\gwen\gwen.dir\debug\combobox.obj
c:\users\schulzcc\documents\personal\creations\games\bullet3-master\bin\examples\thirdpartylibs\gwen\gwen.dir\debug\colorpicker.obj
c:\users\schulzcc\documents\personal\creations\games\bullet3-master\bin\examples\thirdpartylibs\gwen\gwen.dir\debug\colorcontrols.obj
c:\users\schulzcc\documents\personal\creations\games\bullet3-master\bin\examples\thirdpartylibs\gwen\gwen.dir\debug\checkbox.obj
c:\users\schulzcc\documents\personal\creations\games\bullet3-master\bin\examples\thirdpartylibs\gwen\gwen.dir\debug\canvas.obj
c:\users\schulzcc\documents\personal\creations\games\bullet3-master\bin\examples\thirdpartylibs\gwen\gwen.dir\debug\button.obj
c:\users\schulzcc\documents\personal\creations\games\bullet3-master\bin\examples\thirdpartylibs\gwen\gwen.dir\debug\base.obj
c:\users\schulzcc\documents\personal\creations\games\bullet3-master\bin\examples\thirdpartylibs\gwen\gwen.dir\debug\utility.obj
c:\users\schulzcc\documents\personal\creations\games\bullet3-master\bin\examples\thirdpartylibs\gwen\gwen.dir\debug\tooltip.obj
c:\users\schulzcc\documents\personal\creations\games\bullet3-master\bin\examples\thirdpartylibs\gwen\gwen.dir\debug\skin.obj
c:\users\schulzcc\documents\personal\creations\games\bullet3-master\bin\examples\thirdpartylibs\gwen\gwen.dir\debug\inputhandler.obj
c:\users\schulzcc\documents\personal\creations\games\bullet3-master\bin\examples\thirdpartylibs\gwen\gwen.dir\debug\hook.obj
c:\users\schulzcc\documents\personal\creations\games\bullet3-master\bin\examples\thirdpartylibs\gwen\gwen.dir\debug\gwen.obj
c:\users\schulzcc\documents\personal\creations\games\bullet3-master\bin\examples\thirdpartylibs\gwen\gwen.dir\debug\events.obj
c:\users\schulzcc\documents\personal\creations\games\bullet3-master\bin\examples\thirdpartylibs\gwen\gwen.dir\debug\draganddrop.obj
c:\users\schulzcc\documents\personal\creations\games\bullet3-master\bin\examples\thirdpartylibs\gwen\gwen.dir\debug\baserender.obj
c:\users\schulzcc\documents\personal\creations\games\bullet3-master\bin\examples\thirdpartylibs\gwen\gwen.dir\debug\anim.obj
c:\users\schulzcc\documents\personal\creations\games\bullet3-master\bin\examples\thirdpartylibs\gwen\gwen.dir\debug\resizer.obj
c:\users\schulzcc\documents\personal\creations\games\bullet3-master\bin\examples\thirdpartylibs\gwen\gwen.dir\debug\resizablecontrol.obj
c:\users\schulzcc\documents\personal\creations\games\bullet3-master\bin\examples\thirdpartylibs\gwen\gwen.dir\debug\radiobuttoncontroller.obj
c:\users\schulzcc\documents\personal\creations\games\bullet3-master\bin\examples\thirdpartylibs\gwen\gwen.dir\debug\radiobutton.obj
c:\users\schulzcc\documents\personal\creations\games\bullet3-master\bin\examples\thirdpartylibs\gwen\gwen.dir\debug\properties.obj
c:\users\schulzcc\documents\personal\creations\games\bullet3-master\bin\examples\thirdpartylibs\gwen\gwen.dir\debug\progressbar.obj
c:\users\schulzcc\documents\personal\creations\games\bullet3-master\bin\examples\thirdpartylibs\gwen\gwen.dir\debug\panellistpanel.obj
c:\users\schulzcc\documents\personal\creations\games\bullet3-master\bin\examples\thirdpartylibs\gwen\gwen.dir\debug\numericupdown.obj
c:\users\schulzcc\documents\personal\creations\games\bullet3-master\bin\examples\thirdpartylibs\gwen\gwen.dir\debug\menustrip.obj
c:\users\schulzcc\documents\personal\creations\games\bullet3-master\bin\examples\thirdpartylibs\gwen\gwen.dir\debug\menuitem.obj
c:\users\schulzcc\documents\personal\creations\games\bullet3-master\bin\examples\thirdpartylibs\gwen\gwen.dir\debug\menu.obj
c:\users\schulzcc\documents\personal\creations\games\bullet3-master\bin\examples\thirdpartylibs\gwen\gwen.dir\debug\listbox.obj
c:\users\schulzcc\documents\personal\creations\games\bullet3-master\bin\examples\thirdpartylibs\gwen\gwen.dir\debug\labelclickable.obj
c:\users\schulzcc\documents\personal\creations\games\bullet3-master\bin\examples\thirdpartylibs\gwen\gwen.dir\debug\label.obj
c:\users\schulzcc\documents\personal\creations\games\bullet3-master\bin\examples\thirdpartylibs\gwen\gwen.dir\debug\imagepanel.obj
c:\users\schulzcc\documents\personal\creations\games\bullet3-master\bin\examples\thirdpartylibs\gwen\gwen.dir\debug\hsvcolorpicker.obj
c:\users\schulzcc\documents\personal\creations\games\bullet3-master\bin\examples\thirdpartylibs\gwen\gwen.dir\debug\horizontalslider.obj
c:\users\schulzcc\documents\personal\creations\games\bullet3-master\bin\examples\thirdpartylibs\gwen\gwen.dir\debug\horizontalscrollbar.obj
c:\users\schulzcc\documents\personal\creations\games\bullet3-master\bin\examples\thirdpartylibs\gwen\gwen.dir\debug\groupbox.obj
c:\users\schulzcc\documents\personal\creations\games\bullet3-master\bin\examples\thirdpartylibs\gwen\gwen.dir\debug\dragger.obj
c:\users\schulzcc\documents\personal\creations\games\bullet3-master\bin\examples\thirdpartylibs\gwen\gwen.dir\debug\filesave.obj
c:\users\schulzcc\documents\personal\creations\games\bullet3-master\bin\examples\thirdpartylibs\gwen\gwen.dir\debug\fileopen.obj
c:\users\schulzcc\documents\personal\creations\games\bullet3-master\bin\examples\thirdpartylibs\gwen\gwen.dir\debug\windowcontrol.obj
c:\users\schulzcc\documents\personal\creations\games\bullet3-master\bin\examples\thirdpartylibs\gwen\gwen.dir\debug\verticalslider.obj
c:\users\schulzcc\documents\personal\creations\games\bullet3-master\bin\examples\thirdpartylibs\gwen\gwen.dir\debug\verticalscrollbar.obj
c:\users\schulzcc\documents\personal\creations\games\bullet3-master\bin\examples\thirdpartylibs\gwen\gwen.dir\debug\treenode.obj
c:\users\schulzcc\documents\personal\creations\games\bullet3-master\bin\examples\thirdpartylibs\gwen\gwen.dir\debug\treecontrol.obj
c:\users\schulzcc\documents\personal\creations\games\bullet3-master\bin\examples\thirdpartylibs\gwen\gwen.dir\debug\textboxnumeric.obj
c:\users\schulzcc\documents\personal\creations\games\bullet3-master\bin\examples\thirdpartylibs\gwen\gwen.dir\debug\textbox.obj
c:\users\schulzcc\documents\personal\creations\games\bullet3-master\bin\examples\thirdpartylibs\gwen\gwen.dir\debug\text.obj
c:\users\schulzcc\documents\personal\creations\games\bullet3-master\bin\examples\thirdpartylibs\gwen\gwen.dir\debug\tabstrip.obj
c:\users\schulzcc\documents\personal\creations\games\bullet3-master\bin\examples\thirdpartylibs\gwen\gwen.dir\debug\tabcontrol.obj
c:\users\schulzcc\documents\personal\creations\games\bullet3-master\bin\examples\thirdpartylibs\gwen\gwen.dir\debug\tabbutton.obj
c:\users\schulzcc\documents\personal\creations\games\bullet3-master\bin\examples\thirdpartylibs\gwen\gwen.dir\debug\splitterbar.obj
c:\users\schulzcc\documents\personal\creations\games\bullet3-master\bin\examples\thirdpartylibs\gwen\gwen.dir\debug\slider.obj
c:\users\schulzcc\documents\personal\creations\games\bullet3-master\bin\examples\thirdpartylibs\gwen\gwen.dir\debug\scrollcontrol.obj
c:\users\schulzcc\documents\personal\creations\games\bullet3-master\bin\examples\thirdpartylibs\gwen\gwen.dir\debug\scrollbarbutton.obj
c:\users\schulzcc\documents\personal\creations\games\bullet3-master\bin\examples\thirdpartylibs\gwen\gwen.dir\debug\scrollbarbar.obj
c:\users\schulzcc\documents\personal\creations\games\bullet3-master\bin\examples\thirdpartylibs\gwen\gwen.dir\debug\scrollbar.obj
c:\users\schulzcc\documents\personal\creations\games\bullet3-master\bin\examples\thirdpartylibs\gwen\gwen.dir\debug\richlabel.obj
c:\users\schulzcc\documents\personal\creations\games\bullet3-master\bin\examples\thirdpartylibs\gwen\gwen.dir\debug\opengl_debugfont.obj
c:\users\schulzcc\documents\personal\creations\games\bullet3-master\bin\examples\thirdpartylibs\gwen\gwen.dir\debug\windows.obj
c:\users\schulzcc\documents\personal\creations\games\bullet3-master\bin\examples\thirdpartylibs\gwen\gwen.dir\debug\null.obj
c:\users\schulzcc\documents\personal\creations\games\bullet3-master\bin\examples\thirdpartylibs\gwen\gwen.dir\debug\query.obj
c:\users\schulzcc\documents\personal\creations\games\bullet3-master\bin\examples\thirdpartylibs\gwen\cmakefiles\generate.stamp
c:\users\schulzcc\documents\personal\creations\games\bullet3-master\bin\lib\debug\gwen_debug.lib
c:\users\schulzcc\documents\personal\creations\games\bullet3-master\bin\examples\thirdpartylibs\gwen\gwen.dir\debug\gwen.tlog\cl.command.1.tlog
c:\users\schulzcc\documents\personal\creations\games\bullet3-master\bin\examples\thirdpartylibs\gwen\gwen.dir\debug\gwen.tlog\cl.read.1.tlog
c:\users\schulzcc\documents\personal\creations\games\bullet3-master\bin\examples\thirdpartylibs\gwen\gwen.dir\debug\gwen.tlog\cl.write.1.tlog
c:\users\schulzcc\documents\personal\creations\games\bullet3-master\bin\examples\thirdpartylibs\gwen\gwen.dir\debug\gwen.tlog\custombuild.command.1.tlog
c:\users\schulzcc\documents\personal\creations\games\bullet3-master\bin\examples\thirdpartylibs\gwen\gwen.dir\debug\gwen.tlog\custombuild.read.1.tlog
c:\users\schulzcc\documents\personal\creations\games\bullet3-master\bin\examples\thirdpartylibs\gwen\gwen.dir\debug\gwen.tlog\custombuild.write.1.tlog
c:\users\schulzcc\documents\personal\creations\games\bullet3-master\bin\examples\thirdpartylibs\gwen\gwen.dir\debug\gwen.tlog\lib-link.read.1.tlog
c:\users\schulzcc\documents\personal\creations\games\bullet3-master\bin\examples\thirdpartylibs\gwen\gwen.dir\debug\gwen.tlog\lib-link.write.1.tlog
c:\users\schulzcc\documents\personal\creations\games\bullet3-master\bin\examples\thirdpartylibs\gwen\gwen.dir\debug\gwen.tlog\lib.command.1.tlog
