Torque Exporter 0.97 Beta3 
 Using blender, version 249
 Exporting...
 Writing shape to  'C:\Users\schulzcc\Documents\Personal\Creations\Games\Quaternion\marble\data/Balls/balls_bridge_plat.dts'.
 Processing...
 > Shape Details
    > Nodes
      ^^ Bone [Exp-Catch-Root] (parent -1)
      ^^ Bone [movingplatformUp&Down] (parent -1)
    > Objects
     'movingplatformUp&Down' : Standard Standard 
    > Materials
       grid_neutral
    > Detail Levels
       Detail-1 (size : 1)
       Collision-1 (size : -1)
       Smallest : Detail-1 (size : 1)
    > Internal Sequences
 Writing out DTS...
 Done.
 Finished.
 