Torque Exporter 0.97 Beta3 
 Using blender, version 249
 Exporting...
 Writing shape to  'C:\Users\schulzcc\Documents\Personal\Creations\Games\Quaternion\marble\data\Security\pillar.dts'.
 Processing...
 > Shape Details
    > Nodes
      ^^ Bone [Exp-Catch-Root] (parent -1)
      ^^ Bone [Camera] (parent -1)
      ^^ Bone [Cube] (parent -1)
      ^^ Bone [Lamp] (parent -1)
    > Objects
     'Cube' : Standard Standard 
    > Materials
       detail2_warm
       detail05_warm
       detail1_warm
    > Detail Levels
       Detail-1 (size : 1)
       Collision-1 (size : -1)
       Smallest : Detail-1 (size : 1)
    > Internal Sequences
 Writing out DTS...
 Done.
 Finished.
 